<?xml version="1.0" encoding="UTF-8"?>
<testsuite name="ru.netology.qa.AppiumTests" tests="2" skipped="0" failures="0" errors="0" timestamp="2024-03-26T23:01:45" hostname="MacBook-Pro.local" time="36.327">
  <properties/>
  <testcase name="newActivityTest()" classname="ru.netology.qa.AppiumTests" time="18.62"/>
  <testcase name="emptyTextTest()" classname="ru.netology.qa.AppiumTests" time="17.706"/>
  <system-out><![CDATA[]]></system-out>
  <system-err><![CDATA[]]></system-err>
</testsuite>
